Using pre-set license
Built from '2020.3/staging' branch; Version is '2020.3.39f1 (fd6670bb8be9) revision 16606832'; Using compiler version '192528614'; Build Type 'Release'
OS: 'Windows 10  (10.0.19044) 64bit Education' Language: 'en' Physical Memory: 8083 MB
BatchMode: 1, IsHumanControllingUs: 0, StartBugReporterOnCrash: 0, Is64bit: 1, IsPro: 0

COMMAND LINE ARGUMENTS:
C:\Program Files\Unity\Hub\Editor\2020.3.39f1\Editor\Unity.exe
-adb2
-batchMode
-noUpm
-name
AssetImportWorker0
-projectPath
C:/Users/161244/Documents/GitHub/MyPersonalProject/MyPersonalProject
-logFile
Logs/AssetImportWorker0.log
-srvPort
52640
Successfully changed project path to: C:/Users/161244/Documents/GitHub/MyPersonalProject/MyPersonalProject
C:/Users/161244/Documents/GitHub/MyPersonalProject/MyPersonalProject
Using Asset Import Pipeline V2.
Refreshing native plugins compatible for Editor in 72.85 ms, found 2 plugins.
Preloading 0 native plugins for Editor in 0.00 ms.
Initialize engine version: 2020.3.39f1 (fd6670bb8be9)
[Subsystems] Discovering subsystems at path C:/Program Files/Unity/Hub/Editor/2020.3.39f1/Editor/Data/Resources/UnitySubsystems
[Subsystems] Discovering subsystems at path C:/Users/161244/Documents/GitHub/MyPersonalProject/MyPersonalProject/Assets
GfxDevice: creating device client; threaded=0
Direct3D:
    Version:  Direct3D 11.0 [level 11.1]
    Renderer: Intel(R) UHD Graphics 620 (ID=0x5917)
    Vendor:   
    VRAM:     4041 MB
    Driver:   31.0.101.2111
Initialize mono
Mono path[0] = 'C:/Program Files/Unity/Hub/Editor/2020.3.39f1/Editor/Data/Managed'
Mono path[1] = 'C:/Program Files/Unity/Hub/Editor/2020.3.39f1/Editor/Data/MonoBleedingEdge/lib/mono/unityjit'
Mono config path = 'C:/Program Files/Unity/Hub/Editor/2020.3.39f1/Editor/Data/MonoBleedingEdge/etc'
Using monoOptions --debugger-agent=transport=dt_socket,embedding=1,server=y,suspend=n,address=127.0.0.1:56796
Begin MonoManager ReloadAssembly
Registering precompiled unity dll's ...
Register platform support module: C:/Program Files/Unity/Hub/Editor/2020.3.39f1/Editor/Data/PlaybackEngines/WindowsStandaloneSupport/UnityEditor.WindowsStandalone.Extensions.dll
Registered in 0.004705 seconds.
Native extension for WindowsStandalone target not found
Refreshing native plugins compatible for Editor in 88.58 ms, found 2 plugins.
Preloading 0 native plugins for Editor in 0.00 ms.
Mono: successfully reloaded assembly
- Completed reload, in  1.583 seconds
Domain Reload Profiling:
	ReloadAssembly (1583ms)
		BeginReloadAssembly (226ms)
			ExecutionOrderSort (0ms)
			DisableScriptedObjects (0ms)
			BackupInstance (0ms)
			ReleaseScriptingObjects (0ms)
			CreateAndSetChildDomain (5ms)
		EndReloadAssembly (1090ms)
			LoadAssemblies (213ms)
			RebuildTransferFunctionScriptingTraits (0ms)
			SetupTypeCache (389ms)
			ReleaseScriptCaches (0ms)
			RebuildScriptCaches (97ms)
			SetupLoadedEditorAssemblies (397ms)
				LogAssemblyErrors (0ms)
				InitializePlatformSupportModulesInManaged (7ms)
				SetLoadedEditorAssemblies (1ms)
				RefreshPlugins (89ms)
				BeforeProcessingInitializeOnLoad (40ms)
				ProcessInitializeOnLoadAttributes (215ms)
				ProcessInitializeOnLoadMethodAttributes (45ms)
				AfterProcessingInitializeOnLoad (0ms)
				EditorAssembliesLoaded (0ms)
			ExecutionOrderSort2 (0ms)
			AwakeInstancesAfterBackupRestoration (0ms)
Platform modules already initialized, skipping
Registering precompiled user dll's ...
Registered in 0.006717 seconds.
Begin MonoManager ReloadAssembly
Native extension for WindowsStandalone target not found
Refreshing native plugins compatible for Editor in 0.38 ms, found 2 plugins.
Preloading 0 native plugins for Editor in 0.00 ms.
Mono: successfully reloaded assembly
- Completed reload, in  1.846 seconds
Domain Reload Profiling:
	ReloadAssembly (1848ms)
		BeginReloadAssembly (304ms)
			ExecutionOrderSort (0ms)
			DisableScriptedObjects (7ms)
			BackupInstance (0ms)
			ReleaseScriptingObjects (0ms)
			CreateAndSetChildDomain (29ms)
		EndReloadAssembly (1436ms)
			LoadAssemblies (163ms)
			RebuildTransferFunctionScriptingTraits (0ms)
			SetupTypeCache (437ms)
			ReleaseScriptCaches (0ms)
			RebuildScriptCaches (67ms)
			SetupLoadedEditorAssemblies (636ms)
				LogAssemblyErrors (0ms)
				InitializePlatformSupportModulesInManaged (7ms)
				SetLoadedEditorAssemblies (1ms)
				RefreshPlugins (0ms)
				BeforeProcessingInitializeOnLoad (138ms)
				ProcessInitializeOnLoadAttributes (451ms)
				ProcessInitializeOnLoadMethodAttributes (27ms)
				AfterProcessingInitializeOnLoad (12ms)
				EditorAssembliesLoaded (1ms)
			ExecutionOrderSort2 (0ms)
			AwakeInstancesAfterBackupRestoration (3ms)
Platform modules already initialized, skipping
========================================================================
Worker process is ready to serve import requests
Launched and connected shader compiler UnityShaderCompiler.exe after 0.25 seconds
Refreshing native plugins compatible for Editor in 0.47 ms, found 2 plugins.
Preloading 0 native plugins for Editor in 0.00 ms.
Unloading 1529 Unused Serialized files (Serialized files now loaded: 0)
System memory in use before: 69.3 MB.
System memory in use after: 69.4 MB.

Unloading 17 unused Assets to reduce memory usage. Loaded Objects now: 1965.
Total: 5.277600 ms (FindLiveObjects: 0.181400 ms CreateObjectMapping: 0.073100 ms MarkObjects: 4.856900 ms  DeleteObjects: 0.164800 ms)

AssetImportParameters requested are different than current active one (requested -> active):
  custom:framework-win-MediaFoundation: 216162199b28c13a410421893ffa2e32 -> 
  custom:video-decoder-ogg-theora: a1e56fd34408186e4bbccfd4996cb3dc -> 
  custom:container-muxer-webm: aa71ff27fc2769a1b78a27578f13a17b -> 
  custom:container-demuxer-webm: 4f35f7cbe854078d1ac9338744f61a02 -> 
  custom:container-demuxer-ogg: 62fdf1f143b41e24485cea50d1cbac27 -> 
  custom:video-encoder-webm-vp8: eb34c28f22e8b96e1ab97ce403110664 -> 
  custom:video-decoder-webm-vp8: 9c59270c3fd7afecdb556c50c9e8de78 -> 
  custom:audio-decoder-ogg-vorbis: bf7c407c2cedff20999df2af8eb42d56 -> 
  custom:audio-encoder-webm-vorbis: bf7c407c2cedff20999df2af8eb42d56 -> 
========================================================================
Received Import Request.
  path: Assets/Materials/New Material.mat
  artifactKey: Guid(15e2097e9be431f4eabb8426bcd1a9ce) Importer(815301076,1909f56bfc062723c751e8b465ee728b)
Start importing Assets/Materials/New Material.mat using Guid(15e2097e9be431f4eabb8426bcd1a9ce) Importer(815301076,1909f56bfc062723c751e8b465ee728b)  -> (artifact id: 'd0ee9ab12291fe9cea8da0bbea42e513') in 0.326713 seconds 
========================================================================
Received Import Request.
  Time since last request: 0.000578 seconds.
  path: Assets/Materials/Blue.mat
  artifactKey: Guid(5c7284ba191d8b045bb100a2e325fe1a) Importer(815301076,1909f56bfc062723c751e8b465ee728b)
Start importing Assets/Materials/Blue.mat using Guid(5c7284ba191d8b045bb100a2e325fe1a) Importer(815301076,1909f56bfc062723c751e8b465ee728b)  -> (artifact id: '3025b12ef8d21e5f3fcde9548e03da79') in 0.025715 seconds 
========================================================================
Received Import Request.
  Time since last request: 0.000512 seconds.
  path: Assets/Materials/Yellow.mat
  artifactKey: Guid(04dfecac6149c494eb4ddab37c831cdd) Importer(815301076,1909f56bfc062723c751e8b465ee728b)
Start importing Assets/Materials/Yellow.mat using Guid(04dfecac6149c494eb4ddab37c831cdd) Importer(815301076,1909f56bfc062723c751e8b465ee728b)  -> (artifact id: 'ae4ae07f7cec3c263290428264c692b1') in 0.035167 seconds 
========================================================================
Received Import Request.
  Time since last request: 0.000923 seconds.
  path: Assets/Materials/New Material 1.mat
  artifactKey: Guid(d2985f3a7115a6a43919e8f48505f6ff) Importer(815301076,1909f56bfc062723c751e8b465ee728b)
Start importing Assets/Materials/New Material 1.mat using Guid(d2985f3a7115a6a43919e8f48505f6ff) Importer(815301076,1909f56bfc062723c751e8b465ee728b)  -> (artifact id: 'e8d8e881e077290f05f72dd9a8846553') in 0.096434 seconds 
========================================================================
Received Import Request.
  Time since last request: 0.000897 seconds.
  path: Assets/Materials/Brown.mat
  artifactKey: Guid(5ce2df90da758e842a3a250930caf8b0) Importer(815301076,1909f56bfc062723c751e8b465ee728b)
Start importing Assets/Materials/Brown.mat using Guid(5ce2df90da758e842a3a250930caf8b0) Importer(815301076,1909f56bfc062723c751e8b465ee728b)  -> (artifact id: '351c89d6f18a2f2763b06ba32445ab7b') in 0.056747 seconds 
========================================================================
Received Import Request.
  Time since last request: 0.000654 seconds.
  path: Assets/Materials/Gray.mat
  artifactKey: Guid(772f688975da1e349b0faff882f10f4c) Importer(815301076,1909f56bfc062723c751e8b465ee728b)
Start importing Assets/Materials/Gray.mat using Guid(772f688975da1e349b0faff882f10f4c) Importer(815301076,1909f56bfc062723c751e8b465ee728b)  -> (artifact id: '649d87603b4ff3034182f2ea0734b0c1') in 0.058427 seconds 
========================================================================
Received Import Request.
  Time since last request: 0.000817 seconds.
  path: Assets/Materials/Green.mat
  artifactKey: Guid(8e478f3f62206e747be0be689a755d71) Importer(815301076,1909f56bfc062723c751e8b465ee728b)
Start importing Assets/Materials/Green.mat using Guid(8e478f3f62206e747be0be689a755d71) Importer(815301076,1909f56bfc062723c751e8b465ee728b)  -> (artifact id: '2b962faa49259da2a2af643e40f70b47') in 0.049014 seconds 
AssetImportWorkerClient::OnTransportError - code=2 error=End of file
